<?xml version="1.0" encoding="utf-8"?><testsuites name="pytest tests"><testsuite name="pytest" errors="0" failures="0" skipped="0" tests="16" time="5.542" timestamp="2026-03-15T19:23:25.148556+00:00" hostname="agent-env-86754b0f-87f1-42cc-b429-f9752de7aa63"><testcase classname="backend.tests.test_subscription.TestSubscriptionTiers" name="test_get_subscription_tiers" time="0.170" /><testcase classname="backend.tests.test_subscription.TestSubscriptionTiers" name="test_free_tier_details" time="0.121" /><testcase classname="backend.tests.test_subscription.TestSubscriptionTiers" name="test_starter_tier_details" time="0.128" /><testcase classname="backend.tests.test_subscription.TestSubscriptionTiers" name="test_pro_tier_details" time="0.123" /><testcase classname="backend.tests.test_subscription.TestSubscriptionTiers" name="test_elite_tier_details" time="0.131" /><testcase classname="backend.tests.test_subscription.TestUserSubscription" name="test_get_my_subscription_authenticated" time="0.447" /><testcase classname="backend.tests.test_subscription.TestUserSubscription" name="test_get_my_subscription_unauthenticated" time="0.121" /><testcase classname="backend.tests.test_subscription.TestSubscriptionCheckout" name="test_create_checkout_session_starter" time="0.823" /><testcase classname="backend.tests.test_subscription.TestSubscriptionCheckout" name="test_create_checkout_session_pro" time="0.777" /><testcase classname="backend.tests.test_subscription.TestSubscriptionCheckout" name="test_create_checkout_session_elite" time="0.880" /><testcase classname="backend.tests.test_subscription.TestSubscriptionCheckout" name="test_create_checkout_invalid_tier" time="0.399" /><testcase classname="backend.tests.test_subscription.TestSubscriptionCheckout" name="test_create_checkout_unauthenticated" time="0.116" /><testcase classname="backend.tests.test_subscription.TestCheckoutStatus" name="test_checkout_status_invalid_session" time="0.423" /><testcase classname="backend.tests.test_subscription.TestAuthFlow" name="test_login_success" time="0.337" /><testcase classname="backend.tests.test_subscription.TestAuthFlow" name="test_login_invalid_credentials" time="0.375" /><testcase classname="backend.tests.test_subscription.TestAuthFlow" name="test_register_duplicate_email" time="0.140" /></testsuite></testsuites>