<?xml version="1.0" encoding="utf-8"?><testsuites name="pytest tests"><testsuite name="pytest" errors="0" failures="0" skipped="0" tests="10" time="1.418" timestamp="2026-03-23T19:01:41.205802+00:00" hostname="agent-env-a4911e27-b13e-4bc4-992c-6acb36ae5a9a"><testcase classname="backend.tests.test_media_api.TestMediaStatusAPI" name="test_media_status_returns_correct_structure" time="0.209" /><testcase classname="backend.tests.test_media_api.TestGenerationStatusAPI" name="test_generation_status_returns_audio_and_video_status" time="0.135" /><testcase classname="backend.tests.test_media_api.TestVoicesAPI" name="test_voices_returns_list_of_tts_voices" time="0.118" /><testcase classname="backend.tests.test_media_api.TestLessonsListAPI" name="test_lessons_list_returns_all_23_lessons_with_media_status" time="0.152" /><testcase classname="backend.tests.test_media_api.TestLessonMediaAPI" name="test_lesson_media_returns_audio_and_video_urls_for_lesson_with_media" time="0.103" /><testcase classname="backend.tests.test_media_api.TestLessonMediaAPI" name="test_lesson_media_returns_null_for_lesson_without_media" time="0.156" /><testcase classname="backend.tests.test_media_api.TestVideoServeAPI" name="test_video_file_serves_with_200_status" time="0.119" /><testcase classname="backend.tests.test_media_api.TestVideoServeAPI" name="test_video_file_returns_404_for_nonexistent_file" time="0.119" /><testcase classname="backend.tests.test_media_api.TestAudioServeAPI" name="test_audio_file_serves_with_200_status" time="0.121" /><testcase classname="backend.tests.test_media_api.TestAudioServeAPI" name="test_audio_file_returns_404_for_nonexistent_file" time="0.141" /></testsuite></testsuites>