<?xml version="1.0" encoding="utf-8"?><testsuites name="pytest tests"><testsuite name="pytest" errors="0" failures="0" skipped="0" tests="11" time="1.529" timestamp="2026-03-23T19:25:47.633489+00:00" hostname="agent-env-a4911e27-b13e-4bc4-992c-6acb36ae5a9a"><testcase classname="backend.tests.test_premium_api.TestTrialConfig" name="test_get_trial_config" time="0.157" /><testcase classname="backend.tests.test_premium_api.TestAnnualBundles" name="test_get_annual_bundles" time="0.133" /><testcase classname="backend.tests.test_premium_api.TestTrialStatus" name="test_trial_status_lesson_1_free_user_active_trial" time="0.137" /><testcase classname="backend.tests.test_premium_api.TestTrialStatus" name="test_trial_status_lesson_1_expired_trial" time="0.165" /><testcase classname="backend.tests.test_premium_api.TestTrialStatus" name="test_trial_status_premium_lesson_free_user" time="0.113" /><testcase classname="backend.tests.test_premium_api.TestTrialStatus" name="test_trial_status_paid_user" time="0.112" /><testcase classname="backend.tests.test_premium_api.TestTrialStatus" name="test_trial_status_guest_user" time="0.125" /><testcase classname="backend.tests.test_premium_api.TestPreviewConfig" name="test_get_preview_config" time="0.117" /><testcase classname="backend.tests.test_premium_api.TestUserAccessSummary" name="test_access_summary_free_user_with_trial" time="0.180" /><testcase classname="backend.tests.test_premium_api.TestUserAccessSummary" name="test_access_summary_with_referrals" time="0.137" /><testcase classname="backend.tests.test_premium_api.TestUserAccessSummary" name="test_access_summary_elite_user" time="0.134" /></testsuite></testsuites>