<?xml version="1.0" encoding="utf-8"?><testsuites name="pytest tests"><testsuite name="pytest" errors="0" failures="0" skipped="0" tests="20" time="190.488" timestamp="2026-03-24T00:28:21.539788+00:00" hostname="agent-env-3bca67c3-1a8a-4e55-bc63-254dddec28dc"><testcase classname="tests.test_security.TestSecurityHeaders" name="test_security_headers_on_public_endpoint" time="0.122" /><testcase classname="tests.test_security.TestSecurityHeaders" name="test_csp_header_content" time="0.111" /><testcase classname="tests.test_security.TestSecurityHeaders" name="test_hsts_header_content" time="0.148" /><testcase classname="tests.test_security.TestPasswordStrength" name="test_weak_password_rejected_too_short" time="0.155" /><testcase classname="tests.test_security.TestPasswordStrength" name="test_weak_password_rejected_common" time="0.420" /><testcase classname="tests.test_security.TestPasswordStrength" name="test_weak_password_rejected_no_complexity" time="0.112" /><testcase classname="tests.test_security.TestInputSanitization" name="test_xss_in_name_blocked" time="0.097" /><testcase classname="tests.test_security.TestInputSanitization" name="test_xss_javascript_protocol_blocked" time="0.116" /><testcase classname="tests.test_security.TestNoSQLInjection" name="test_nosql_injection_in_email_blocked" time="0.103" /><testcase classname="tests.test_security.TestNoSQLInjection" name="test_nosql_where_injection_blocked" time="0.107" /><testcase classname="tests.test_security.TestRateLimiting" name="test_login_rate_limit_enforced" time="1.534" /><testcase classname="tests.test_security.TestRateLimiting" name="test_rate_limit_response_format" time="0.121" /><testcase classname="tests.test_security.TestAdminSecurityDashboard" name="test_security_status_endpoint_requires_auth" time="0.127" /><testcase classname="tests.test_security.TestAdminSecurityDashboard" name="test_security_status_with_admin_auth" time="62.230" /><testcase classname="tests.test_security.TestAuditLogging" name="test_security_log_file_exists" time="0.118" /><testcase classname="tests.test_security.TestNormalAuthFlow" name="test_valid_login_after_rate_limit_reset" time="62.220" /><testcase classname="tests.test_security.TestNormalAuthFlow" name="test_authenticated_endpoint_works" time="62.264" /><testcase classname="tests.test_security.TestSuspiciousPathBlocking" name="test_api_wp_admin_blocked" time="0.119" /><testcase classname="tests.test_security.TestSuspiciousPathBlocking" name="test_api_env_blocked" time="0.128" /><testcase classname="tests.test_security.TestBruteForceProtection" name="test_multiple_failed_logins_tracked" time="0.112" /></testsuite></testsuites>