<?xml version="1.0" encoding="utf-8"?><testsuites name="pytest tests"><testsuite name="pytest" errors="0" failures="0" skipped="0" tests="16" time="5.781" timestamp="2026-03-15T19:10:10.758847+00:00" hostname="agent-env-86754b0f-87f1-42cc-b429-f9752de7aa63"><testcase classname="backend.tests.test_subscription.TestSubscriptionTiers" name="test_get_subscription_tiers" time="0.264" /><testcase classname="backend.tests.test_subscription.TestSubscriptionTiers" name="test_free_tier_details" time="0.150" /><testcase classname="backend.tests.test_subscription.TestSubscriptionTiers" name="test_starter_tier_details" time="0.139" /><testcase classname="backend.tests.test_subscription.TestSubscriptionTiers" name="test_pro_tier_details" time="0.134" /><testcase classname="backend.tests.test_subscription.TestSubscriptionTiers" name="test_elite_tier_details" time="0.128" /><testcase classname="backend.tests.test_subscription.TestUserSubscription" name="test_get_my_subscription_authenticated" time="0.438" /><testcase classname="backend.tests.test_subscription.TestUserSubscription" name="test_get_my_subscription_unauthenticated" time="0.124" /><testcase classname="backend.tests.test_subscription.TestSubscriptionCheckout" name="test_create_checkout_session_starter" time="0.945" /><testcase classname="backend.tests.test_subscription.TestSubscriptionCheckout" name="test_create_checkout_session_pro" time="0.786" /><testcase classname="backend.tests.test_subscription.TestSubscriptionCheckout" name="test_create_checkout_session_elite" time="0.785" /><testcase classname="backend.tests.test_subscription.TestSubscriptionCheckout" name="test_create_checkout_invalid_tier" time="0.412" /><testcase classname="backend.tests.test_subscription.TestSubscriptionCheckout" name="test_create_checkout_unauthenticated" time="0.130" /><testcase classname="backend.tests.test_subscription.TestCheckoutStatus" name="test_checkout_status_invalid_session" time="0.449" /><testcase classname="backend.tests.test_subscription.TestAuthFlow" name="test_login_success" time="0.356" /><testcase classname="backend.tests.test_subscription.TestAuthFlow" name="test_login_invalid_credentials" time="0.368" /><testcase classname="backend.tests.test_subscription.TestAuthFlow" name="test_register_duplicate_email" time="0.129" /></testsuite></testsuites>