<?xml version="1.0" encoding="utf-8"?><testsuites name="pytest tests"><testsuite name="pytest" errors="0" failures="0" skipped="0" tests="14" time="5.284" timestamp="2026-03-23T18:02:50.090080+00:00" hostname="agent-env-dfe5dc22-f537-4da1-aabb-946f576ab24b"><testcase classname="backend.tests.test_retention_features.TestShopAPI" name="test_get_shop_items" time="0.168" /><testcase classname="backend.tests.test_retention_features.TestGuildAPI" name="test_guild_leaderboard" time="0.124" /><testcase classname="backend.tests.test_retention_features.TestGuildAPI" name="test_guild_search" time="0.116" /><testcase classname="backend.tests.test_retention_features.TestGuildAPI" name="test_guild_search_with_query" time="0.123" /><testcase classname="backend.tests.test_retention_features.TestReferralAPI" name="test_referral_leaderboard" time="0.112" /><testcase classname="backend.tests.test_retention_features.TestAuthenticatedAPIs" name="test_get_notifications" time="0.467" /><testcase classname="backend.tests.test_retention_features.TestAuthenticatedAPIs" name="test_get_notification_count" time="0.464" /><testcase classname="backend.tests.test_retention_features.TestAuthenticatedAPIs" name="test_get_referral_stats" time="0.606" /><testcase classname="backend.tests.test_retention_features.TestAuthenticatedAPIs" name="test_get_referral_code" time="0.510" /><testcase classname="backend.tests.test_retention_features.TestAuthenticatedAPIs" name="test_get_user_inventory" time="0.474" /><testcase classname="backend.tests.test_retention_features.TestAuthenticatedAPIs" name="test_get_user_guild" time="0.489" /><testcase classname="backend.tests.test_retention_features.TestAuthenticatedAPIs" name="test_get_streak_info" time="0.444" /><testcase classname="backend.tests.test_retention_features.TestAuthenticatedAPIs" name="test_get_gamification_profile" time="0.491" /><testcase classname="backend.tests.test_retention_features.TestGuildCreateAndJoin" name="test_create_guild" time="0.646" /></testsuite></testsuites>