<?xml version="1.0" encoding="utf-8"?><testsuites name="pytest tests"><testsuite name="pytest" errors="0" failures="0" skipped="0" tests="39" time="13.660" timestamp="2026-03-15T21:32:51.725293+00:00" hostname="agent-env-154ef770-9df3-4bd5-8b94-84e91377f1c0"><testcase classname="test_crypto_quest.TestCryptoQuestChapters" name="test_get_all_chapters_success" time="0.253" /><testcase classname="test_crypto_quest.TestCryptoQuestChapters" name="test_chapters_have_required_fields" time="0.125" /><testcase classname="test_crypto_quest.TestCryptoQuestChapters" name="test_missions_have_i18n_fields" time="0.107" /><testcase classname="test_crypto_quest.TestCryptoQuestChapters" name="test_missions_have_correct_types" time="0.103" /><testcase classname="test_crypto_quest.TestCryptoQuestProgress" name="test_get_progress_success" time="0.467" /><testcase classname="test_crypto_quest.TestCryptoQuestProgress" name="test_progress_has_chapter_details" time="0.407" /><testcase classname="test_crypto_quest.TestCryptoQuestProgress" name="test_progress_shows_mission_status" time="0.407" /><testcase classname="test_crypto_quest.TestCryptoQuestProgress" name="test_progress_not_found_for_invalid_user" time="0.398" /><testcase classname="test_crypto_quest.TestCryptoQuestComplete" name="test_complete_mission_success" time="0.502" /><testcase classname="test_crypto_quest.TestCryptoQuestComplete" name="test_complete_invalid_mission" time="0.410" /><testcase classname="test_crypto_quest.TestCryptoQuestComplete" name="test_complete_mission_awards_xp" time="0.499" /><testcase classname="test_crypto_quest.TestCryptoQuestChallenge" name="test_check_trading_challenge_progress" time="0.382" /><testcase classname="test_crypto_quest.TestCryptoQuestChallenge" name="test_check_invalid_challenge" time="0.376" /><testcase classname="test_gamification_trading.TestGamificationProfile" name="test_get_gamification_profile" time="0.401" /><testcase classname="test_gamification_trading.TestGamificationProfile" name="test_gamification_profile_level_progress_structure" time="0.392" /><testcase classname="test_gamification_trading.TestGamificationProfile" name="test_gamification_profile_avatar_structure" time="0.403" /><testcase classname="test_gamification_trading.TestGamificationProfile" name="test_gamification_profile_stats_structure" time="0.377" /><testcase classname="test_gamification_trading.TestGamificationProfile" name="test_gamification_profile_not_found" time="0.378" /><testcase classname="test_gamification_trading.TestGamificationQuests" name="test_get_user_quests" time="0.596" /><testcase classname="test_gamification_trading.TestGamificationQuests" name="test_daily_quest_structure" time="0.433" /><testcase classname="test_gamification_trading.TestGamificationQuests" name="test_daily_quests_generated" time="0.407" /><testcase classname="test_gamification_trading.TestGamificationAchievements" name="test_get_all_achievements" time="0.119" /><testcase classname="test_gamification_trading.TestGamificationLeaderboard" name="test_get_leaderboard" time="0.107" /><testcase classname="test_gamification_trading.TestTradingMarketPrices" name="test_get_market_prices" time="0.337" /><testcase classname="test_gamification_trading.TestTradingMarketPrices" name="test_market_price_structure" time="0.111" /><testcase classname="test_gamification_trading.TestTradingPortfolio" name="test_get_portfolio" time="0.491" /><testcase classname="test_gamification_trading.TestTradingPortfolio" name="test_portfolio_career_level_structure" time="0.382" /><testcase classname="test_gamification_trading.TestTradingPortfolio" name="test_portfolio_holdings_structure" time="0.453" /><testcase classname="test_gamification_trading.TestTradingPortfolio" name="test_portfolio_not_found" time="0.430" /><testcase classname="test_gamification_trading.TestTradingExecute" name="test_execute_buy_trade" time="0.514" /><testcase classname="test_gamification_trading.TestTradingExecute" name="test_execute_sell_trade" time="0.473" /><testcase classname="test_gamification_trading.TestTradingExecute" name="test_trade_invalid_symbol" time="0.398" /><testcase classname="test_gamification_trading.TestTradingExecute" name="test_trade_invalid_amount" time="0.424" /><testcase classname="test_gamification_trading.TestTradingExecute" name="test_trade_insufficient_balance" time="0.409" /><testcase classname="test_gamification_trading.TestTradingAdditionalEndpoints" name="test_get_supported_cryptos" time="0.109" /><testcase classname="test_gamification_trading.TestTradingAdditionalEndpoints" name="test_get_career_levels" time="0.127" /><testcase classname="test_gamification_trading.TestTradingAdditionalEndpoints" name="test_get_trade_history" time="0.385" /><testcase classname="test_gamification_trading.TestTradingAdditionalEndpoints" name="test_get_market_overview" time="0.118" /><testcase classname="test_gamification_trading.TestGamificationStreak" name="test_update_streak" time="0.394" /></testsuite></testsuites>