<?xml version="1.0" encoding="utf-8"?><testsuites name="pytest tests"><testsuite name="pytest" errors="0" failures="0" skipped="0" tests="26" time="9.504" timestamp="2026-03-15T21:01:34.873841+00:00" hostname="agent-env-154ef770-9df3-4bd5-8b94-84e91377f1c0"><testcase classname="backend.tests.test_gamification_trading.TestGamificationProfile" name="test_get_gamification_profile" time="0.432" /><testcase classname="backend.tests.test_gamification_trading.TestGamificationProfile" name="test_gamification_profile_level_progress_structure" time="0.424" /><testcase classname="backend.tests.test_gamification_trading.TestGamificationProfile" name="test_gamification_profile_avatar_structure" time="0.418" /><testcase classname="backend.tests.test_gamification_trading.TestGamificationProfile" name="test_gamification_profile_stats_structure" time="0.389" /><testcase classname="backend.tests.test_gamification_trading.TestGamificationProfile" name="test_gamification_profile_not_found" time="0.431" /><testcase classname="backend.tests.test_gamification_trading.TestGamificationQuests" name="test_get_user_quests" time="0.421" /><testcase classname="backend.tests.test_gamification_trading.TestGamificationQuests" name="test_daily_quest_structure" time="0.398" /><testcase classname="backend.tests.test_gamification_trading.TestGamificationQuests" name="test_daily_quests_generated" time="0.476" /><testcase classname="backend.tests.test_gamification_trading.TestGamificationAchievements" name="test_get_all_achievements" time="0.121" /><testcase classname="backend.tests.test_gamification_trading.TestGamificationLeaderboard" name="test_get_leaderboard" time="0.119" /><testcase classname="backend.tests.test_gamification_trading.TestTradingMarketPrices" name="test_get_market_prices" time="0.224" /><testcase classname="backend.tests.test_gamification_trading.TestTradingMarketPrices" name="test_market_price_structure" time="0.178" /><testcase classname="backend.tests.test_gamification_trading.TestTradingPortfolio" name="test_get_portfolio" time="0.456" /><testcase classname="backend.tests.test_gamification_trading.TestTradingPortfolio" name="test_portfolio_career_level_structure" time="0.478" /><testcase classname="backend.tests.test_gamification_trading.TestTradingPortfolio" name="test_portfolio_holdings_structure" time="0.467" /><testcase classname="backend.tests.test_gamification_trading.TestTradingPortfolio" name="test_portfolio_not_found" time="0.407" /><testcase classname="backend.tests.test_gamification_trading.TestTradingExecute" name="test_execute_buy_trade" time="0.570" /><testcase classname="backend.tests.test_gamification_trading.TestTradingExecute" name="test_execute_sell_trade" time="0.613" /><testcase classname="backend.tests.test_gamification_trading.TestTradingExecute" name="test_trade_invalid_symbol" time="0.369" /><testcase classname="backend.tests.test_gamification_trading.TestTradingExecute" name="test_trade_invalid_amount" time="0.379" /><testcase classname="backend.tests.test_gamification_trading.TestTradingExecute" name="test_trade_insufficient_balance" time="0.468" /><testcase classname="backend.tests.test_gamification_trading.TestTradingAdditionalEndpoints" name="test_get_supported_cryptos" time="0.110" /><testcase classname="backend.tests.test_gamification_trading.TestTradingAdditionalEndpoints" name="test_get_career_levels" time="0.110" /><testcase classname="backend.tests.test_gamification_trading.TestTradingAdditionalEndpoints" name="test_get_trade_history" time="0.380" /><testcase classname="backend.tests.test_gamification_trading.TestTradingAdditionalEndpoints" name="test_get_market_overview" time="0.194" /><testcase classname="backend.tests.test_gamification_trading.TestGamificationStreak" name="test_update_streak" time="0.428" /></testsuite></testsuites>