<?xml version="1.0" encoding="utf-8"?><testsuites name="pytest tests"><testsuite name="pytest" errors="0" failures="0" skipped="0" tests="17" time="5.541" timestamp="2026-03-24T00:04:38.332164+00:00" hostname="agent-env-3bca67c3-1a8a-4e55-bc63-254dddec28dc"><testcase classname="backend.tests.test_market_newsletter.TestMarketIntelligenceAPI" name="test_get_cryptos_returns_list" time="0.480" /><testcase classname="backend.tests.test_market_newsletter.TestMarketIntelligenceAPI" name="test_get_cryptos_respects_limit" time="0.181" /><testcase classname="backend.tests.test_market_newsletter.TestMarketIntelligenceAPI" name="test_get_global_market_data" time="2.724" /><testcase classname="backend.tests.test_market_newsletter.TestMarketIntelligenceAPI" name="test_get_crypto_news" time="0.110" /><testcase classname="backend.tests.test_market_newsletter.TestMarketIntelligenceAPI" name="test_get_trending" time="0.190" /><testcase classname="backend.tests.test_market_newsletter.TestNewsletterAPI" name="test_subscribe_newsletter" time="0.226" /><testcase classname="backend.tests.test_market_newsletter.TestNewsletterAPI" name="test_subscribe_duplicate_email" time="0.242" /><testcase classname="backend.tests.test_market_newsletter.TestNewsletterAPI" name="test_subscribe_invalid_email" time="0.099" /><testcase classname="backend.tests.test_market_newsletter.TestNewsletterAPI" name="test_get_subscribers" time="0.180" /><testcase classname="backend.tests.test_market_newsletter.TestNewsletterAPI" name="test_create_newsletter_draft" time="0.114" /><testcase classname="backend.tests.test_market_newsletter.TestNewsletterAPI" name="test_list_newsletters" time="0.118" /><testcase classname="backend.tests.test_market_newsletter.TestNewsletterAPI" name="test_send_newsletter" time="0.209" /><testcase classname="backend.tests.test_market_newsletter.TestNewsletterAPI" name="test_send_nonexistent_newsletter" time="0.105" /><testcase classname="backend.tests.test_market_newsletter.TestNewsletterAPI" name="test_generate_ai_newsletter" time="0.115" /><testcase classname="backend.tests.test_market_newsletter.TestNewsletterMultiLanguage" name="test_subscribe_french" time="0.157" /><testcase classname="backend.tests.test_market_newsletter.TestNewsletterMultiLanguage" name="test_subscribe_arabic" time="0.132" /><testcase classname="backend.tests.test_market_newsletter.TestNewsletterMultiLanguage" name="test_generate_ai_newsletter_french" time="0.109" /></testsuite></testsuites>