<?xml version="1.0" encoding="utf-8"?><testsuites name="pytest tests"><testsuite name="pytest" errors="0" failures="2" skipped="0" tests="13" time="163.265" timestamp="2026-03-23T22:31:49.240176+00:00" hostname="agent-env-81d63a08-4c60-402d-904d-55ca0df36f53"><testcase classname="backend.tests.test_media_upload.TestMediaUploadAPI" name="test_media_status_endpoint" time="0.191" /><testcase classname="backend.tests.test_media_upload.TestMediaUploadAPI" name="test_lessons_list_endpoint" time="0.109" /><testcase classname="backend.tests.test_media_upload.TestMediaUploadAPI" name="test_voices_endpoint" time="0.112" /><testcase classname="backend.tests.test_media_upload.TestMediaUploadAPI" name="test_video_upload_endpoint_success" time="0.492" /><testcase classname="backend.tests.test_media_upload.TestMediaUploadAPI" name="test_video_upload_invalid_lesson" time="0.440" /><testcase classname="backend.tests.test_media_upload.TestMediaUploadAPI" name="test_video_upload_invalid_language" time="0.487" /><testcase classname="backend.tests.test_media_upload.TestMediaUploadAPI" name="test_video_upload_invalid_file_type" time="0.511" /><testcase classname="backend.tests.test_media_upload.TestMediaUploadAPI" name="test_lesson_media_endpoint" time="0.152" /><testcase classname="backend.tests.test_media_upload.TestMediaUploadAPI" name="test_generation_status_endpoint" time="0.141" /><testcase classname="backend.tests.test_media_upload.TestAudioGeneration" name="test_audio_generation_endpoint_exists" time="39.841" /><testcase classname="backend.tests.test_media_upload.TestAudioGeneration" name="test_batch_audio_generation_endpoint_exists" time="0.365" /><testcase classname="backend.tests.test_media_upload.TestAdminAuth" name="test_admin_login_success" time="60.105"><failure message="assert 502 == 200&#10; +  where 502 = &lt;Response [502]&gt;.status_code">backend/tests/test_media_upload.py:249: in test_admin_login_success
    assert response.status_code == 200
E   assert 502 == 200
E    +  where 502 = &lt;Response [502]&gt;.status_code</failure></testcase><testcase classname="backend.tests.test_media_upload.TestAdminAuth" name="test_admin_login_wrong_password" time="60.255"><failure message="assert 502 == 401&#10; +  where 502 = &lt;Response [502]&gt;.status_code">backend/tests/test_media_upload.py:264: in test_admin_login_wrong_password
    assert response.status_code == 401
E   assert 502 == 401
E    +  where 502 = &lt;Response [502]&gt;.status_code</failure></testcase></testsuite></testsuites>