<?xml version="1.0" encoding="utf-8"?><testsuites name="pytest tests"><testsuite name="pytest" errors="0" failures="0" skipped="0" tests="18" time="5.712" timestamp="2026-03-15T19:51:14.626532+00:00" hostname="agent-env-86754b0f-87f1-42cc-b429-f9752de7aa63"><testcase classname="backend.tests.test_admin.TestAdminAuth" name="test_admin_login_success" time="0.367" /><testcase classname="backend.tests.test_admin.TestAdminAuth" name="test_non_admin_cannot_access_stats" time="0.446" /><testcase classname="backend.tests.test_admin.TestAdminStats" name="test_get_admin_stats" time="0.452" /><testcase classname="backend.tests.test_admin.TestAdminStats" name="test_stats_counts_are_positive" time="0.437" /><testcase classname="backend.tests.test_admin.TestAdminCourses" name="test_get_courses" time="0.451" /><testcase classname="backend.tests.test_admin.TestAdminCourses" name="test_courses_have_required_fields" time="0.458" /><testcase classname="backend.tests.test_admin.TestAdminLessons" name="test_get_lessons_for_course" time="0.471" /><testcase classname="backend.tests.test_admin.TestAdminLessons" name="test_lessons_have_audio_fields" time="0.512" /><testcase classname="backend.tests.test_admin.TestAdminLessons" name="test_lessons_have_content_fields" time="0.442" /><testcase classname="backend.tests.test_admin.TestAdminUsers" name="test_get_users" time="0.456" /><testcase classname="backend.tests.test_admin.TestAdminUsers" name="test_users_have_required_fields" time="0.458" /><testcase classname="backend.tests.test_admin.TestAdminUsers" name="test_search_users" time="0.464" /><testcase classname="backend.tests.test_admin.TestStaticAudioFiles" name="test_audio_file_accessible_locally" time="0.011" /><testcase classname="backend.tests.test_admin.TestStaticAudioFiles" name="test_intro_audio_accessible_locally" time="0.003" /><testcase classname="backend.tests.test_admin.TestStaticAudioFiles" name="test_summary_audio_accessible_locally" time="0.002" /><testcase classname="backend.tests.test_admin.TestStaticAudioFiles" name="test_audio_file_size_reasonable" time="0.000" /><testcase classname="backend.tests.test_admin.TestLessonAPI" name="test_lesson_has_audio_urls" time="0.112" /><testcase classname="backend.tests.test_admin.TestLessonAPI" name="test_lesson_content_structure" time="0.111" /></testsuite></testsuites>